<?xml version="1.0" encoding="UTF-8"?>
<testsuite name="buy products on LINIO" tests="1" skipped="0" failures="0" errors="0" timestamp="2022-05-16T23:27:21" hostname="DESKTOP-CUAOJU1" time="0.435">
  <properties/>
  <testcase name="Add and remove products from the shopping cart in LINIO" classname="buy products on LINIO" time="0.435"/>
  <system-out><![CDATA[]]></system-out>
  <system-err><![CDATA[]]></system-err>
</testsuite>
